<?xml version="1.0" encoding="UTF-8"?>
<!-- Generated by org.testng.reporters.JUnitReportReporter -->
<testsuite skipped="0" hostname="EN911217" name="entities.lists.ListCreation" tests="6" failures="0" timestamp="2021-08-30T18:38:54 COT" time="6.694" errors="0">
  <testcase name="createListValid" time="0.357" classname="entities.lists.ListCreation"/>
  <system-out/>
  <testcase name="createListValid" time="0.365" classname="entities.lists.ListCreation"/>
  <system-out/>
  <testcase name="createListValid" time="0.355" classname="entities.lists.ListCreation"/>
  <system-out/>
  <testcase name="addMovieToList" time="1.902" classname="entities.lists.ListCreation"/>
  <system-out/>
  <testcase name="addMovieToList" time="0.810" classname="entities.lists.ListCreation"/>
  <system-out/>
  <testcase name="addMovieToList" time="2.905" classname="entities.lists.ListCreation"/>
  <system-out/>
</testsuite> <!-- entities.lists.ListCreation -->
