<?xml version="1.0" encoding="UTF-8"?>
<!-- Generated by org.testng.reporters.JUnitReportReporter -->
<testsuite skipped="0" hostname="EN911217" name="Search" tests="2" failures="0" timestamp="2021-08-30T18:38:54 COT" time="0.504" errors="0">
  <testcase name="search" time="0.256" classname="Search"/>
  <system-out/>
  <testcase name="search" time="0.248" classname="Search"/>
  <system-out/>
</testsuite> <!-- Search -->
