<?xml version="1.0" encoding="UTF-8"?>
<!-- Generated by org.testng.reporters.JUnitReportReporter -->
<testsuite skipped="0" hostname="EN911217" name="Search" tests="2" failures="0" timestamp="2021-09-01T11:48:52 COT" time="0.301" errors="0">
  <testcase name="search" time="0.138" classname="Search"/>
  <system-out/>
  <testcase name="search" time="0.163" classname="Search"/>
  <system-out/>
</testsuite> <!-- Search -->
