<?xml version="1.0" encoding="UTF-8"?>
<!-- Generated by org.testng.reporters.JUnitReportReporter -->
<testsuite skipped="0" hostname="EN911217" name="entities.authentication.AuthenticationTests" tests="3" failures="0" timestamp="2021-08-30T18:38:54 COT" time="15.209" errors="0">
  <testcase name="loginInvalid" time="0.727" classname="entities.authentication.AuthenticationTests"/>
  <system-out/>
  <testcase name="loginSuccessful" time="1.177" classname="entities.authentication.AuthenticationTests"/>
  <system-out/>
  <testcase name="loginInvalid" time="13.305" classname="entities.authentication.AuthenticationTests"/>
  <system-out/>
</testsuite> <!-- entities.authentication.AuthenticationTests -->
